# JRE version: Java(TM) SE Runtime Environment (17.0.12+8) (build 17.0.12+8-LTS-286)
# Java VM: Java HotSpot(TM) 64-Bit Server VM (17.0.12+8-LTS-286, mixed mode, emulated-client, sharing, tiered, compressed oops, compressed class ptrs, g1 gc, windows-amd64)
GC Precious Log:
 CPUs: 4 total, 4 available
 Memory: 3962M
 Large Page Support: Disabled
 NUMA Support: Disabled
 Compressed Oops: Enabled (32-bit)
 Heap Region Size: 1M
 Heap Min Capacity: 8M
 Heap Initial Capacity: 62M
 Heap Max Capacity: 992M
 Pre-touch: Disabled
 Parallel Workers: 4
 Concurrent Workers: 1
 Concurrent Refinement Workers: 4
 Periodic GC: Disabled
Heap:
 garbage-first heap   total 97280K, used 48318K [0x00000000c2000000, 0x0000000100000000)
  region size 1024K, 1 young (1024K), 1 survivors (1024K)
 Metaspace       used 95705K, committed 96320K, reserved 1179648K
  class space    used 14144K, committed 14400K, reserved 1048576K
GC Heap History (20 events):
Event: 43.020 GC heap after
{Heap after GC invocations=32 (full 0):
 garbage-first heap   total 86016K, used 45434K [0x00000000c2000000, 0x0000000100000000)
  region size 1024K, 3 young (3072K), 3 survivors (3072K)
 Metaspace       used 84779K, committed 85376K, reserved 1179648K
  class space    used 12540K, committed 12800K, reserved 1048576K
}
Event: 45.309 GC heap before
{Heap before GC invocations=32 (full 0):
 garbage-first heap   total 86016K, used 70010K [0x00000000c2000000, 0x0000000100000000)
  region size 1024K, 28 young (28672K), 3 survivors (3072K)
 Metaspace       used 86515K, committed 87168K, reserved 1179648K
  class space    used 12816K, committed 13120K, reserved 1048576K
}
Event: 45.319 GC heap after
{Heap after GC invocations=33 (full 0):
 garbage-first heap   total 86016K, used 47291K [0x00000000c2000000, 0x0000000100000000)
  region size 1024K, 4 young (4096K), 4 survivors (4096K)
 Metaspace       used 86515K, committed 87168K, reserved 1179648K
  class space    used 12816K, committed 13120K, reserved 1048576K
}
Event: 46.563 GC heap before
{Heap before GC invocations=34 (full 0):
 garbage-first heap   total 86016K, used 69819K [0x00000000c2000000, 0x0000000100000000)
  region size 1024K, 27 young (27648K), 4 survivors (4096K)
 Metaspace       used 90921K, committed 91584K, reserved 1179648K
  class space    used 13450K, committed 13760K, reserved 1048576K
}
Event: 46.575 GC heap after
{Heap after GC invocations=35 (full 0):
 garbage-first heap   total 86016K, used 48535K [0x00000000c2000000, 0x0000000100000000)
  region size 1024K, 4 young (4096K), 4 survivors (4096K)
 Metaspace       used 90921K, committed 91584K, reserved 1179648K
  class space    used 13450K, committed 13760K, reserved 1048576K
}
Event: 46.633 GC heap before
{Heap before GC invocations=35 (full 0):
 garbage-first heap   total 86016K, used 49559K [0x00000000c2000000, 0x0000000100000000)
  region size 1024K, 5 young (5120K), 4 survivors (4096K)
 Metaspace       used 91205K, committed 91904K, reserved 1179648K
  class space    used 13489K, committed 13824K, reserved 1048576K
}
Event: 46.646 GC heap after
{Heap after GC invocations=36 (full 0):
 garbage-first heap   total 86016K, used 48407K [0x00000000c2000000, 0x0000000100000000)
  region size 1024K, 1 young (1024K), 1 survivors (1024K)
 Metaspace       used 91205K, committed 91904K, reserved 1179648K
  class space    used 13489K, committed 13824K, reserved 1048576K
}
Event: 80.798 GC heap before
{Heap before GC invocations=36 (full 0):
 garbage-first heap   total 86016K, used 69911K [0x00000000c2000000, 0x0000000100000000)
  region size 1024K, 23 young (23552K), 1 survivors (1024K)
 Metaspace       used 95101K, committed 95808K, reserved 1179648K
  class space    used 14024K, committed 14336K, reserved 1048576K
}
Event: 80.835 GC heap after
{Heap after GC invocations=37 (full 0):
 garbage-first heap   total 86016K, used 49858K [0x00000000c2000000, 0x0000000100000000)
  region size 1024K, 2 young (2048K), 2 survivors (2048K)
 Metaspace       used 95101K, committed 95808K, reserved 1179648K
  class space    used 14024K, committed 14336K, reserved 1048576K
}
Event: 96.419 GC heap before
{Heap before GC invocations=38 (full 0):
 garbage-first heap   total 97280K, used 71362K [0x00000000c2000000, 0x0000000100000000)
  region size 1024K, 23 young (23552K), 2 survivors (2048K)
 Metaspace       used 95619K, committed 96192K, reserved 1179648K
  class space    used 14128K, committed 14400K, reserved 1048576K
}
Event: 96.483 GC heap after
{Heap after GC invocations=39 (full 0):
 garbage-first heap   total 97280K, used 50573K [0x00000000c2000000, 0x0000000100000000)
  region size 1024K, 1 young (1024K), 1 survivors (1024K)
 Metaspace       used 95619K, committed 96192K, reserved 1179648K
  class space    used 14128K, committed 14400K, reserved 1048576K
}
Event: 96.612 GC heap before
{Heap before GC invocations=39 (full 0):
 garbage-first heap   total 97280K, used 52621K [0x00000000c2000000, 0x0000000100000000)
  region size 1024K, 4 young (4096K), 1 survivors (1024K)
 Metaspace       used 95619K, committed 96192K, reserved 1179648K
  class space    used 14128K, committed 14400K, reserved 1048576K
}
Event: 96.654 GC heap after
{Heap after GC invocations=40 (full 0):
 garbage-first heap   total 97280K, used 49618K [0x00000000c2000000, 0x0000000100000000)
  region size 1024K, 1 young (1024K), 1 survivors (1024K)
 Metaspace       used 95619K, committed 96192K, reserved 1179648K
  class space    used 14128K, committed 14400K, reserved 1048576K
}
Event: 489.323 GC heap before
{Heap before GC invocations=40 (full 0):
 garbage-first heap   total 97280K, used 79314K [0x00000000c2000000, 0x0000000100000000)
  region size 1024K, 30 young (30720K), 1 survivors (1024K)
 Metaspace       used 95708K, committed 96320K, reserved 1179648K
  class space    used 14152K, committed 14400K, reserved 1048576K
}
Event: 489.461 GC heap after
{Heap after GC invocations=41 (full 0):
 garbage-first heap   total 97280K, used 49845K [0x00000000c2000000, 0x0000000100000000)
  region size 1024K, 1 young (1024K), 1 survivors (1024K)
 Metaspace       used 95708K, committed 96320K, reserved 1179648K
  class space    used 14152K, committed 14400K, reserved 1048576K
}
Event: 509.821 GC heap before
{Heap before GC invocations=42 (full 0):
 garbage-first heap   total 97280K, used 79541K [0x00000000c2000000, 0x0000000100000000)
  region size 1024K, 31 young (31744K), 1 survivors (1024K)
 Metaspace       used 95705K, committed 96320K, reserved 1179648K
  class space    used 14144K, committed 14400K, reserved 1048576K
}
Event: 509.870 GC heap after
{Heap after GC invocations=43 (full 0):
 garbage-first heap   total 97280K, used 50227K [0x00000000c2000000, 0x0000000100000000)
  region size 1024K, 2 young (2048K), 2 survivors (2048K)
 Metaspace       used 95705K, committed 96320K, reserved 1179648K
  class space    used 14144K, committed 14400K, reserved 1048576K
}
Event: 510.372 GC heap before
{Heap before GC invocations=43 (full 0):
 garbage-first heap   total 97280K, used 51251K [0x00000000c2000000, 0x0000000100000000)
  region size 1024K, 4 young (4096K), 2 survivors (2048K)
 Metaspace       used 95705K, committed 96320K, reserved 1179648K
  class space    used 14144K, committed 14400K, reserved 1048576K
}
Event: 510.452 GC heap after
{Heap after GC invocations=44 (full 0):
 garbage-first heap   total 97280K, used 48431K [0x00000000c2000000, 0x0000000100000000)
  region size 1024K, 1 young (1024K), 1 survivors (1024K)
 Metaspace       used 95705K, committed 96320K, reserved 1179648K
  class space    used 14144K, committed 14400K, reserved 1048576K
}
Event: 517.714 GC heap before
{Heap before GC invocations=44 (full 0):
 garbage-first heap   total 97280K, used 79151K [0x00000000c2000000, 0x0000000100000000)
  region size 1024K, 32 young (32768K), 1 survivors (1024K)
 Metaspace       used 95705K, committed 96320K, reserved 1179648K
  class space    used 14144K, committed 14400K, reserved 1048576K
}

